<?xml version="1.0" encoding="UTF-8"?>
<!-- Generated by org.testng.reporters.JUnitXMLReporter -->
<testsuite ignored="0" hostname="DESKTOP-CML9JAH" failures="2" tests="8" name="Test" time="0.284" errors="0" timestamp="2024-01-03T15:36:12 IST">
  <testcase classname="testNG_Study.MyClass" name="f" time="0.026">
    <failure type="java.lang.AssertionError" message="null">
      <![CDATA[java.lang.AssertionError: null
at testNG_Study.MyClass.f(MyClass.java:18)
at java.base/java.util.ArrayList.forEach(ArrayList.java:1511)
... Removed 29 stack frames]]>
    </failure>
  </testcase> <!-- f -->
  <testcase classname="testNG_Study.MyClass" name="h" time="0.012"/>
  <testcase classname="testNG_Study.MyClass" name="e" time="0.004"/>
  <testcase classname="testNG_Study.MyClass" name="g" time="0.006">
    <skipped/>
  </testcase> <!-- g -->
  <testcase classname="testNG_Study.MyClass2" name="a" time="0.012"/>
  <testcase classname="testNG_Study.MyClass2" name="b" time="0.009">
    <failure type="java.lang.AssertionError" message="null">
      <![CDATA[java.lang.AssertionError: null
at testNG_Study.MyClass2.b(MyClass2.java:18)
at java.base/java.util.ArrayList.forEach(ArrayList.java:1511)
... Removed 29 stack frames]]>
    </failure>
  </testcase> <!-- b -->
  <testcase classname="testNG_Study.MyClass2" name="c" time="0.008"/>
  <testcase classname="testNG_Study.MyClass2" name="d" time="0.009"/>
</testsuite> <!-- Test -->
