<?xml version="1.0" encoding="UTF-8"?>
<testng-results ignored="0" total="1" passed="1" failed="0" skipped="0">
  <reporter-output>
    <line>
      <![CDATA[launching the browser]]>
    </line>
    <line>
      <![CDATA[clicking on female gender button]]>
    </line>
    <line>
      <![CDATA[clicking on the next button]]>
    </line>
    <line>
      <![CDATA[entering the member details ]]>
    </line>
    <line>
      <![CDATA[clicking on the next button]]>
    </line>
    <line>
      <![CDATA[entering the pincode]]>
    </line>
    <line>
      <![CDATA[reading data from excel sheet]]>
    </line>
    <line>
      <![CDATA[entering the mobile num]]>
    </line>
    <line>
      <![CDATA[reading data from excel sheet]]>
    </line>
    <line>
      <![CDATA[TC execution started]]>
    </line>
    <line>
      <![CDATA[fetching the no.of policies from text]]>
    </line>
    <line>
      <![CDATA[fetching the no. of policies count from the banner]]>
    </line>
    <line>
      <![CDATA[TC execution successfully completed ]]>
    </line>
    <line>
      <![CDATA[closing the browser]]>
    </line>
  </reporter-output>
  <suite started-at="2024-01-12T14:52:46 IST" name="Default suite" finished-at="2024-01-12T14:53:59 IST" duration-ms="72792">
    <groups>
    </groups>
    <test started-at="2024-01-12T14:52:46 IST" name="Default test" finished-at="2024-01-12T14:53:59 IST" duration-ms="72792">
      <class name="CoverFox_Test.CF_TC_55_ValidateSearchResultAndActualResult">
        <test-method is-config="true" signature="launchBrowser1()[pri:0, instance:CoverFox_Test.CF_TC_55_ValidateSearchResultAndActualResult@8317c52]" started-at="2024-01-12T14:52:47 IST" name="launchBrowser1" finished-at="2024-01-12T14:53:08 IST" duration-ms="21049" status="PASS">
          <reporter-output>
            <line>
              <![CDATA[launching the browser]]>
            </line>
          </reporter-output>
        </test-method> <!-- launchBrowser1 -->
        <test-method is-config="true" signature="enterMemberDetails()[pri:0, instance:CoverFox_Test.CF_TC_55_ValidateSearchResultAndActualResult@8317c52]" started-at="2024-01-12T14:53:08 IST" name="enterMemberDetails" finished-at="2024-01-12T14:53:40 IST" duration-ms="32357" status="PASS">
          <reporter-output>
            <line>
              <![CDATA[clicking on female gender button]]>
            </line>
            <line>
              <![CDATA[clicking on the next button]]>
            </line>
            <line>
              <![CDATA[entering the member details ]]>
            </line>
            <line>
              <![CDATA[clicking on the next button]]>
            </line>
            <line>
              <![CDATA[entering the pincode]]>
            </line>
            <line>
              <![CDATA[reading data from excel sheet]]>
            </line>
            <line>
              <![CDATA[entering the mobile num]]>
            </line>
            <line>
              <![CDATA[reading data from excel sheet]]>
            </line>
          </reporter-output>
        </test-method> <!-- enterMemberDetails -->
        <test-method signature="validateTestPlansFromTextAndBanners()[pri:0, instance:CoverFox_Test.CF_TC_55_ValidateSearchResultAndActualResult@8317c52]" started-at="2024-01-12T14:53:40 IST" name="validateTestPlansFromTextAndBanners" finished-at="2024-01-12T14:53:52 IST" duration-ms="12264" status="PASS">
          <reporter-output>
            <line>
              <![CDATA[TC execution started]]>
            </line>
            <line>
              <![CDATA[fetching the no.of policies from text]]>
            </line>
            <line>
              <![CDATA[fetching the no. of policies count from the banner]]>
            </line>
            <line>
              <![CDATA[TC execution successfully completed ]]>
            </line>
          </reporter-output>
        </test-method> <!-- validateTestPlansFromTextAndBanners -->
        <test-method is-config="true" signature="closeBrowser1()[pri:0, instance:CoverFox_Test.CF_TC_55_ValidateSearchResultAndActualResult@8317c52]" started-at="2024-01-12T14:53:52 IST" name="closeBrowser1" finished-at="2024-01-12T14:53:59 IST" duration-ms="6903" status="PASS">
          <reporter-output>
            <line>
              <![CDATA[closing the browser]]>
            </line>
          </reporter-output>
        </test-method> <!-- closeBrowser1 -->
      </class> <!-- CoverFox_Test.CF_TC_55_ValidateSearchResultAndActualResult -->
    </test> <!-- Default test -->
  </suite> <!-- Default suite -->
</testng-results>
